<?xml version="1.0" encoding="UTF-8"?>
<!-- Generated by org.testng.reporters.JUnitReportReporter -->
<testsuite hostname="MAC16738" name="runner.RunnerTest1" tests="1" failures="0" timestamp="5 Jun 2021 06:36:00 GMT" time="9.214" errors="0">
  <testcase name="runScenario" time="9.214" classname="runner.RunnerTest1"/>
</testsuite> <!-- runner.RunnerTest1 -->
